\BOOKMARK [1][-]{section*.2}{\376\377\000A\000.\000\040\000S\000u\000m\000m\000a\000r\000y\000\040\000o\000f\000\040\000M\000a\000j\000o\000r\000\040\000C\000h\000a\000n\000g\000e\000s}{}% 1
\BOOKMARK [1][-]{section*.3}{\376\377\000B\000.\000\040\000C\000o\000m\000m\000e\000n\000t\000s\000,\000\040\000r\000e\000s\000p\000o\000n\000s\000e\000s\000,\000\040\000a\000n\000d\000\040\000a\000s\000s\000e\000s\000s\000m\000e\000n\000t\000\040\000s\000u\000m\000m\000a\000r\000y}{}% 2
\BOOKMARK [1][-]{section*.4}{\376\377\000C\000.\000\040\000I\000n\000t\000r\000o\000d\000u\000c\000t\000i\000o\000n}{}% 3
\BOOKMARK [2][-]{section*.5}{\376\377\000D\000i\000s\000t\000r\000i\000b\000u\000t\000i\000o\000n}{section*.4}% 4
\BOOKMARK [2][-]{section*.6}{\376\377\000L\000i\000f\000e\000\040\000h\000i\000s\000t\000o\000r\000y\000\040\000c\000h\000a\000r\000a\000c\000t\000e\000r\000i\000s\000t\000i\000c\000s}{section*.4}% 5
\BOOKMARK [2][-]{section*.7}{\376\377\000N\000a\000t\000u\000r\000a\000l\000\040\000m\000o\000r\000t\000a\000l\000i\000t\000y}{section*.4}% 6
\BOOKMARK [2][-]{section*.8}{\376\377\000W\000e\000i\000g\000h\000t\000\040\000a\000t\000\040\000l\000e\000n\000g\000t\000h}{section*.4}% 7
\BOOKMARK [2][-]{section*.9}{\376\377\000M\000a\000t\000u\000r\000i\000t\000y}{section*.4}% 8
\BOOKMARK [2][-]{section*.10}{\376\377\000M\000o\000l\000t\000i\000n\000g\000\040\000p\000r\000o\000b\000a\000b\000i\000l\000i\000t\000y}{section*.4}% 9
\BOOKMARK [2][-]{section*.11}{\376\377\000R\000e\000p\000r\000o\000d\000u\000c\000t\000i\000o\000n}{section*.4}% 10
\BOOKMARK [2][-]{section*.12}{\376\377\000G\000r\000o\000w\000t\000h}{section*.4}% 11
\BOOKMARK [2][-]{section*.13}{\376\377\000M\000a\000n\000a\000g\000e\000m\000e\000n\000t\000\040\000h\000i\000s\000t\000o\000r\000y}{section*.4}% 12
\BOOKMARK [2][-]{section*.14}{\376\377\000A\000D\000F\000G\000\040\000h\000a\000r\000v\000e\000s\000t\000\040\000s\000t\000r\000a\000t\000e\000g\000y}{section*.4}% 13
\BOOKMARK [2][-]{section*.15}{\376\377\000H\000i\000s\000t\000o\000r\000y\000\040\000o\000f\000\040\000B\000M\000S\000Y}{section*.4}% 14
\BOOKMARK [2][-]{section*.16}{\376\377\000F\000i\000s\000h\000e\000r\000y\000\040\000h\000i\000s\000t\000o\000r\000y}{section*.4}% 15
\BOOKMARK [1][-]{section*.17}{\376\377\000D\000.\000\040\000D\000a\000t\000a}{}% 16
\BOOKMARK [2][-]{section*.18}{\376\377\000C\000a\000t\000c\000h\000\040\000d\000a\000t\000a}{section*.17}% 17
\BOOKMARK [2][-]{section*.19}{\376\377\000S\000u\000r\000v\000e\000y\000\040\000b\000i\000o\000m\000a\000s\000s\000\040\000a\000n\000d\000\040\000s\000i\000z\000e\000\040\000c\000o\000m\000p\000o\000s\000i\000t\000i\000o\000n\000\040\000d\000a\000t\000a}{section*.17}% 18
\BOOKMARK [2][-]{section*.20}{\376\377\000S\000p\000a\000t\000i\000a\000l\000\040\000d\000i\000s\000t\000r\000i\000b\000u\000t\000i\000o\000n}{section*.17}% 19
\BOOKMARK [1][-]{section*.21}{\376\377\000E\000.\000\040\000A\000n\000a\000l\000y\000t\000i\000c\000\040\000a\000p\000p\000r\000o\000a\000c\000h}{}% 20
\BOOKMARK [2][-]{section*.22}{\376\377\000H\000i\000s\000t\000o\000r\000y\000\040\000o\000f\000\040\000m\000o\000d\000e\000l\000i\000n\000g\000\040\000a\000p\000p\000r\000o\000a\000c\000h\000e\000s}{section*.21}% 21
\BOOKMARK [2][-]{section*.23}{\376\377\000M\000o\000d\000e\000l\000\040\000d\000e\000s\000c\000r\000i\000p\000t\000i\000o\000n}{section*.21}% 22
\BOOKMARK [2][-]{section*.24}{\376\377\000M\000o\000d\000e\000l\000\040\000s\000e\000l\000e\000c\000t\000i\000o\000n\000\040\000a\000n\000d\000\040\000e\000v\000a\000l\000u\000a\000t\000i\000o\000n}{section*.21}% 23
\BOOKMARK [2][-]{section*.25}{\376\377\000R\000e\000s\000u\000l\000t\000s}{section*.21}% 24
\BOOKMARK [2][-]{section*.26}{\376\377\000F\000i\000t\000s\000\040\000t\000o\000\040\000d\000a\000t\000a}{section*.21}% 25
\BOOKMARK [2][-]{section*.27}{\376\377\000E\000s\000t\000i\000m\000a\000t\000e\000d\000\040\000p\000o\000p\000u\000l\000a\000t\000i\000o\000n\000\040\000p\000r\000o\000c\000e\000s\000s\000e\000s\000\040\000a\000n\000d\000\040\000d\000e\000r\000i\000v\000e\000d\000\040\000q\000u\000a\000n\000t\000i\000t\000i\000e\000s}{section*.21}% 26
\BOOKMARK [1][-]{section*.28}{\376\377\000F\000.\000\040\000C\000a\000l\000c\000u\000l\000a\000t\000i\000o\000n\000\040\000o\000f\000\040\000t\000h\000e\000\040\000O\000F\000L}{}% 27
\BOOKMARK [2][-]{section*.29}{\376\377\000M\000e\000t\000h\000o\000d\000o\000l\000o\000g\000y\000\040\000o\000f\000\040\000t\000h\000e\000\040\000O\000F\000L}{section*.28}% 28
\BOOKMARK [2][-]{section*.30}{\376\377\000C\000a\000l\000c\000u\000l\000a\000t\000e\000d\000\040\000O\000F\000L\000s\000\040\000a\000n\000d\000\040\000i\000n\000t\000e\000r\000p\000r\000e\000t\000a\000t\000i\000o\000n}{section*.28}% 29
\BOOKMARK [2][-]{section*.31}{\376\377\000P\000r\000o\000j\000e\000c\000t\000i\000o\000n\000s\000\040\000u\000n\000d\000e\000r\000\040\000h\000a\000r\000v\000e\000s\000t\000\040\000s\000t\000r\000a\000t\000e\000g\000i\000e\000s}{section*.28}% 30
\BOOKMARK [1][-]{section*.32}{\376\377\000G\000.\000\040\000C\000a\000l\000c\000u\000l\000a\000t\000i\000o\000n\000\040\000o\000f\000\040\000t\000h\000e\000\040\000A\000B\000C}{}% 31
\BOOKMARK [2][-]{section*.33}{\376\377\000U\000n\000c\000e\000r\000t\000a\000i\000n\000t\000y\000\040\000i\000n\000\040\000t\000h\000e\000\040\000A\000B\000C}{section*.32}% 32
\BOOKMARK [2][-]{section*.34}{\376\377\000A\000u\000t\000h\000o\000r\000\040\000r\000e\000c\000o\000m\000m\000e\000n\000d\000a\000t\000i\000o\000n\000s}{section*.32}% 33
\BOOKMARK [1][-]{section*.35}{\376\377\000H\000.\000\040\000D\000a\000t\000a\000\040\000g\000a\000p\000s\000\040\000a\000n\000d\000\040\000r\000e\000s\000e\000a\000r\000c\000h\000\040\000p\000r\000i\000o\000r\000i\000t\000i\000e\000s}{}% 34
\BOOKMARK [2][-]{section*.36}{\376\377\000M\000e\000t\000h\000o\000d\000o\000l\000o\000g\000y}{section*.35}% 35
\BOOKMARK [2][-]{section*.37}{\376\377\000D\000a\000t\000a\000\040\000s\000o\000u\000r\000c\000e\000s}{section*.35}% 36
\BOOKMARK [2][-]{section*.38}{\376\377\000S\000c\000i\000e\000n\000t\000i\000f\000i\000c\000\040\000u\000n\000c\000e\000r\000t\000a\000i\000n\000t\000y}{section*.35}% 37
\BOOKMARK [1][-]{section*.39}{\376\377\000I\000.\000\040\000E\000c\000o\000s\000y\000s\000t\000e\000m\000\040\000c\000o\000n\000s\000i\000d\000e\000r\000a\000t\000i\000o\000n\000s}{}% 38
\BOOKMARK [1][-]{section*.40}{\376\377\000A\000p\000p\000e\000n\000d\000i\000x\000\040\000A\000:\000\040\000P\000o\000p\000u\000l\000a\000t\000i\000o\000n\000\040\000d\000y\000n\000a\000m\000i\000c\000s}{}% 39
